======================================================================
FPR from Physical Survey Model (Ecliptic Coverage + Orbits)
======================================================================
  N = 19
  N_orbit_pts = 50

  Observed detection probs: mean=0.969, min=0.420, max=1.000
  Corr(p_detect, ϖ) = 0.0111
  → Detection nearly ϖ-independent → FPR ≈ 5% expected

Running 5000 injection-recovery trials...
Each trial: N objects × 50 orbit points × 5 surveys

======================================================================
RESULT
======================================================================
  FPR = 0.7%
  95% CI = [0.5%, 1.0%]
  Valid trials = 5000/5000
  Median p = 0.8368

  The physical survey model (ecliptic coverage + orbit integration)
  gives FPR = 0.7%. This replaces the previous 34% value.
======================================================================

Figure saved: /mnt/d/Papers/MNRAS/submission_record/scripts/output/fpr_physical_model.png
Results saved: /mnt/d/Papers/MNRAS/submission_record/scripts/output/fpr_physical_model.txt
