Observed survey distribution: {'Other': 5, 'Pan-STARRS': 7, 'DES': 4, 'Subaru/HSC': 3}
======================================================================
FPR from Survey Spatial Structure
======================================================================
  N = 19  (9 targeted + 10 all-sky)
  Cluster center μ = 46.3°
  N_trials = 10000

  σ_target       FPR              95% CI   med N_det     med p
-----------------------------------------------------------------
      10°      0.5%  [0.4%, 0.7%]          16    0.8386
      20°      0.7%  [0.6%, 0.9%]          17    0.8424
      30°      0.8%  [0.6%, 1.0%]          17    0.8411
      40°      0.7%  [0.5%, 0.8%]          17    0.8297
      50°      0.9%  [0.7%, 1.1%]          17    0.8303
      60°      0.9%  [0.7%, 1.1%]          17    0.8402
      70°      0.8%  [0.6%, 1.0%]          18    0.8316
      80°      0.9%  [0.7%, 1.1%]          18    0.8331
      90°      0.7%  [0.5%, 0.9%]          18    0.8410

======================================================================
RESULTS
======================================================================
  FPR range (σ=10°–90°): [0.5%, 0.7%]
  FPR at σ=60°: 0.9% (closest to nominal 5%)

  The FPR is driven by the targeted survey fraction (9/19) and the
  selection width σ. Narrow selection (σ=10°) creates strong false
  clustering; wide selection (σ=90°) approaches uniform detection.
  The true σ is unknown without access to Subaru/HSC pointing records.
Traceback (most recent call last):
  File "/mnt/d/Papers/MNRAS/submission_record/scripts/fpr_from_survey_structure.py", line 225, in <module>
    print(f"  The FPR range [{results[10]['fpr']*100:.0f]}%–{results[90]['fpr']*100:.0f}%]")
                             ^^^^^^^^^^^^^^^^^^^^^^^^^^^^^
ValueError: Invalid format specifier '.0f]' for object of type 'float'
