======================================================================
Model B Systematic Uncertainty — Proper Injection-Recovery
======================================================================
  N = 19, N_trials = 5000
  Survey model: latitude-band detection (from generate_all_figures.py)

  BASELINE: FPR = 0.5%, median N_det = 12

--- Sensitivity sweep ---
 b_max shift   depth shift       FPR   med N_det
-------------------------------------------------------
       -15°         -0.50 mag     0.7%          10
       -15°         -0.25 mag     0.5%          10
       -15°         +0.00 mag     0.6%           9
       -15°         +0.25 mag     0.4%           7
       -15°         +0.50 mag     0.4%           6
       -10°         -0.50 mag     0.6%          12
       -10°         -0.25 mag     0.6%          11
       -10°         +0.00 mag     0.7%          10
       -10°         +0.25 mag     0.6%           8
       -10°         +0.50 mag     0.5%           7
        -5°         -0.50 mag     0.9%          13
        -5°         -0.25 mag     0.8%          13
        -5°         +0.00 mag     0.7%          11
        -5°         +0.25 mag     0.7%          10
        -5°         +0.50 mag     0.4%           8
        +0°         -0.50 mag     0.9%          15
        +0°         -0.25 mag     0.7%          14
        +0°         +0.00 mag     0.5%          12
        +0°         +0.25 mag     0.6%          11
        +0°         +0.50 mag     0.5%           9
        +5°         -0.50 mag     0.6%          15
        +5°         -0.25 mag     0.7%          15
        +5°         +0.00 mag     0.7%          13
        +5°         +0.25 mag     0.8%          11
        +5°         +0.50 mag     0.4%           9
       +10°         -0.50 mag     1.0%          16
       +10°         -0.25 mag     0.8%          15
       +10°         +0.00 mag     0.6%          13
       +10°         +0.25 mag     0.6%          11
       +10°         +0.50 mag     0.6%           9
       +15°         -0.50 mag     0.7%          16
       +15°         -0.25 mag     0.5%          15
       +15°         +0.00 mag     0.7%          14
       +15°         +0.25 mag     0.6%          11
       +15°         +0.50 mag     0.4%           9

======================================================================
RESULTS: Model B Systematic Uncertainty
======================================================================
  Baseline FPR          = 0.5%
  FPR range (all combos) = [0.4%, 1.0%]
  Model B p ≈ 0.060 (baseline)

  The systematic uncertainty from survey model parameters
  (latitude band width ±15°, depth ±0.5 mag) shifts the FPR
  by at most ±0 percentage points.
======================================================================

Figure saved: /mnt/d/Papers/MNRAS/submission_record/scripts/output/model_b_uncertainty_v2.png
Results saved: /mnt/d/Papers/MNRAS/submission_record/scripts/output/model_b_uncertainty_v2.txt
