======================================================================
Model C — Joint Likelihood (Intrinsic + Selection Function)
======================================================================
  N = 19
  Model: P_obs(ϖ) ∝ exp(κ cos(ϖ - μ)) × (1 + ε cos(ϖ - ϕ))
  Parameters: μ (mean), κ (concentration), ε (selection strength), ϕ (selection phase)

Computing profile likelihood (this takes 2-3 minutes)...

     κ         NLL         ε     ΔNLL vs κ=0
--------------------------------------------------
  0.00       29.55   +1.0000         +0.0000
  0.12       29.17   +1.0000         -0.3809
  0.24       28.85   +1.0000         -0.7017
  0.36       28.59   -1.0000         -0.9643
  0.48       28.38   +1.0000         -1.1701
  0.60       28.23   -1.0000         -1.3198
  0.72       28.14   -1.0000         -1.4137
  0.85       28.10   -1.0000         -1.4519
  0.97       28.12   -1.0000         -1.4342
  1.09       28.19   +1.0000         -1.3600
  1.21       28.32   +1.0000         -1.2290
  1.33       28.51   +1.0000         -1.0409
  1.45       28.76   +1.0000         -0.7954
  1.57       29.59   -0.5031         +0.0434
  1.69       29.57   -0.5531         +0.0143
  1.81       29.54   +0.6019         -0.0099
  1.93       29.52   -0.6499         -0.0283
  2.05       29.51   -0.6957         -0.0400
  2.17       29.51   -0.7376         -0.0430
  2.29       29.52   -0.7748         -0.0351
  2.41       29.54   -0.8069         -0.0137
  2.53       29.57   -0.8343         +0.0233
  2.66       29.63   -0.8576         +0.0780
  2.78       29.70   -0.8772         +0.1522
  2.90       29.80   -0.8937         +0.2471
  3.02       29.91   -0.9078         +0.3637
  3.14       30.05   -0.9196         +0.5026
  3.26       30.21   +0.9297         +0.6640
  3.38       30.40   +0.9383         +0.8481
  3.50       30.61   -0.9457         +1.0549

======================================================================
RESULTS: Model C Likelihood Flatness
======================================================================
  Pure von Mises:         ΔNLL(κ=0 → 2.5) = 4.39
  Model C (with sel.fn.): ΔNLL(κ=0 → 2.5) = 0.02
  Best-fit κ              = 0.85
  Best-fit ε              = -1.0000
  κ range, ΔNLL < 0.5:    [0.36, 1.33]
  κ range, ΔNLL < 2.0:    [0.00, 3.14]

  KEY: With selection function, ΔNLL(0→2.5) = 0.02
  This is < 0.5, confirming the paper's claim at L302.
======================================================================

Figure saved: /mnt/d/Papers/MNRAS/submission_record/scripts/output/model_c_selection_likelihood.png
Results saved: /mnt/d/Papers/MNRAS/submission_record/scripts/output/model_c_selection_likelihood.txt
