======================================================================
FPR from Paper's Own Survey Model
======================================================================
  N = 19, N_trials = 10000
  Using survey_weight() from generate_all_figures.py L163-173

  Mean detection prob over ϖ: 0.5222
  Min/Max detection prob:     0.5211 / 0.5244
  Ratio max/min:              1.01
  (Ratio > 1 means detection IS ϖ-dependent → FPR > 5% expected)

  BASELINE (scale=1.0):
    FPR     = 0.6%
    med N_det = 10
    valid trials = 9943/10000

--- Scale factor sweep ---
   scale       FPR   med N_det
-----------------------------------
    0.6      0.3%           6
    0.7      0.5%           7
    0.8      0.4%           8
    0.9      0.3%           9
    1.0      0.6%          10
    1.1      0.6%          11
    1.2      0.6%          12
    1.3      0.7%          13
    1.4      0.7%          13

======================================================================
RESULTS
======================================================================
  Baseline FPR   = 0.6%
  FPR range      = [0.3%, 0.7%] (scale 0.6-1.4)
  Paper's FPR    = 34% (claimed)

  NOTE: baseline FPR (0.6%) differs from paper's 34%.
  The paper's 34% may come from a different survey model or parameters.
======================================================================

Figure saved: /mnt/d/Papers/MNRAS/submission_record/scripts/output/model_b_fpr_paper_model.png
Results saved: /mnt/d/Papers/MNRAS/submission_record/scripts/output/model_b_fpr_paper_model.txt
